[debug] [2021-04-02T19:24:14.390Z] ----------------------------------------------------------------------
[debug] [2021-04-02T19:24:14.397Z] Command:       C:\Program Files\nodejs\node.exe C:\Users\Edgardo\AppData\Roaming\npm\node_modules\firebase-tools\lib\bin\firebase.js init hosting
[debug] [2021-04-02T19:24:14.398Z] CLI Version:   9.8.0
[debug] [2021-04-02T19:24:14.399Z] Platform:      win32
[debug] [2021-04-02T19:24:14.399Z] Node Version:  v15.12.0
[debug] [2021-04-02T19:24:14.402Z] Time:          Fri Apr 02 2021 16:24:14 GMT-0300 (hora de verano de Chile)
[debug] [2021-04-02T19:24:14.403Z] ----------------------------------------------------------------------
[debug] 
[debug] [2021-04-02T19:24:14.424Z] > command requires scopes: ["email","openid","https://www.googleapis.com/auth/cloudplatformprojects.readonly","https://www.googleapis.com/auth/firebase","https://www.googleapis.com/auth/cloud-platform"]
[debug] [2021-04-02T19:24:14.426Z] > authorizing via signed-in user
[info] 
     ######## #### ########  ######## ########     ###     ######  ########
     ##        ##  ##     ## ##       ##     ##  ##   ##  ##       ##
     ######    ##  ########  ######   ########  #########  ######  ######
     ##        ##  ##    ##  ##       ##     ## ##     ##       ## ##
     ##       #### ##     ## ######## ########  ##     ##  ######  ########

You're about to initialize a Firebase project in this directory:

  C:\Users\Edgardo\Desktop\Curso_Angular_Escalab\proyecto-emd

Before we get started, keep in mind:

  * You are initializing in an existing Firebase project directory

